2020-10-15 16:12:43 INFO  UserServiceImpl:99 - Загружен пользователь по имени.
2020-10-15 16:12:43 INFO  UserServiceImpl:65 - Найден пользователь по имени.
2020-10-15 16:15:33 INFO  UserServiceImpl:65 - Найден пользователь по имени.
2020-10-15 16:15:33 INFO  UserServiceImpl:65 - Найден пользователь по имени.
2020-10-15 16:26:05 INFO  UserServiceImpl:65 - Найден пользователь по имени.
2020-10-15 16:26:06 INFO  UserServiceImpl:65 - Найден пользователь по имени.
2020-10-15 16:28:16 INFO  UserServiceImpl:99 - Загружен пользователь по имени.
2020-10-15 16:28:17 INFO  UserServiceImpl:65 - Найден пользователь по имени.
2020-10-15 16:28:28 INFO  ShoppingCartService:41 - Добавлен новый продукт в корзину.
2020-10-15 16:28:30 INFO  ShoppingCartService:41 - Добавлен новый продукт в корзину.
2020-10-15 16:29:08 INFO  UserServiceImpl:65 - Найден пользователь по имени.
2020-10-15 16:29:22 INFO  UserServiceImpl:65 - Найден пользователь по имени.
2020-10-15 16:29:31 INFO  UserServiceImpl:65 - Найден пользователь по имени.
2020-10-15 16:30:16 INFO  UserServiceImpl:65 - Найден пользователь по имени.
2020-10-15 16:30:21 INFO  UserServiceImpl:65 - Найден пользователь по имени.
2020-10-15 16:40:59 INFO  ShoppingCartService:41 - Добавлен новый продукт в корзину.
2020-10-15 16:41:00 INFO  ShoppingCartService:41 - Добавлен новый продукт в корзину.
2020-10-15 16:41:07 INFO  UserServiceImpl:65 - Найден пользователь по имени.
2020-10-15 16:41:07 INFO  OrderService:43 - Создан новый заказ.
2020-10-15 16:41:11 INFO  UserServiceImpl:65 - Найден пользователь по имени.
2020-10-15 16:41:11 INFO  OrderService:43 - Создан новый заказ.
2020-10-15 16:41:11 INFO  OrderService:58 - Сохранен новый заказ.
дальше логи с применением АОП:

2020-10-15 17:41:21 INFO  AppLoggingAspect:25 - Загружен пользователь по имени.
2020-10-15 17:41:21 INFO  AppLoggingAspect:20 - Найден пользователь по имени.
2020-10-15 17:41:46 INFO  AppLoggingAspect:30 - Добавлен новый продукт в корзину.
2020-10-15 17:41:47 INFO  AppLoggingAspect:30 - Добавлен новый продукт в корзину.
2020-10-15 17:41:55 INFO  AppLoggingAspect:20 - Найден пользователь по имени.
2020-10-15 17:41:55 INFO  AppLoggingAspect:40 - Создан новый заказ.
2020-10-15 17:44:37 INFO  AppLoggingAspect:25 - Загружен пользователь по имени.
2020-10-15 17:44:37 INFO  AppLoggingAspect:20 - Найден пользователь по имени.
2020-10-15 17:44:46 INFO  AppLoggingAspect:30 - Добавлен новый продукт в корзину.
2020-10-15 17:44:47 INFO  AppLoggingAspect:30 - Добавлен новый продукт в корзину.
2020-10-15 17:44:52 INFO  AppLoggingAspect:20 - Найден пользователь по имени.
2020-10-15 17:44:52 INFO  AppLoggingAspect:40 - Создан новый заказ.
2020-10-15 18:08:18 INFO  AppLoggingAspect:20 - Найден пользователь по имени.
2020-10-15 18:08:18 INFO  AppLoggingAspect:40 - Создан новый заказ.
